;IR code
;STOREI 20 a
;STOREI 30 b
;STOREI 40 c
;I* a b $T0
;I+ c $T0 $T1
;I* a b $T2
;I+ $T2 c $T3
;I/ $T3 a $T4
;I+ $T1 $T4 $T5
;I+ $T5 20 $T6
;STOREI $T6 c
;I* b b $T7
;I+ $T7 a $T8
;STOREI $T8 b
;I* b a $T9
;I/ $T9 a $T10
;STOREI $T10 a
;WRITEI c
;WRITEI b
;WRITEI a
;tiny code
var a
var b
var c
move 20 r0
move r0 a
move 30 r1
move r1 b
move 40 r2
move r2 c
move a r3
move b r4
muli r3 r4
move c r5
addi r5 r4
move a r6
move b r7
muli r6 r7
move c r8
addi r7 r8
move a r9
divi r9 r8
addi r4 r8
move 20 r10
addi r8 r10
move r10 c
move b r11
move b r12
muli r11 r12
move a r13
addi r12 r13
move r13 b
move b r14
move a r15
muli r14 r15
move a r16
divi r16 r15
move r15 a
sys writei c
sys writei b
sys writei a
sys halt
